# Phase 3.0 Guard/INSERT Order Investigation Log
# Bug: Scan counter stuck at 49 — HistoryRecorder.record_completed_scan() never fires
# Status: CLOSED — negative evidence sufficient; canonical chokepoint identified

=============================================================================
INVESTIGATION SUMMARY
=============================================================================

Objective: Determine whether `ScanController.start_search()` duplicate-start
guard fires BEFORE or AFTER the `ScanHistoryDB.record_scan()` INSERT, and
confirm whether the INSERT is ever reached on scan completion.

Conclusion: The INSERT is NEVER reached. The call chain terminates silently
before `ScanHistoryDB.record_scan()` is invoked. This is the canonical
chokepoint.

=============================================================================
EVIDENCE DATASET: PRE-INSTRUMENTATION LOGS
=============================================================================

Source: Application log file (INFO level).
Window: ~10:55 (prior day) through 00:20:37 (same night).
Scans captured: 16 complete scan lifecycles.
Logging module confirmed active: CEREBRO.cerebro.v2.ui.scan_controller_helpers (module since removed)

All 16 scans logged the following three lines (per scan, in order):
  1. "Starting scan in [mode] mode"
  2. "Scan finished with state ScanState.COMPLETED"
  3. "Found N duplicate groups"

These originate from ScanController.start_search() and ScanController.finish_scan()
in cerebro/v2/ui/app_shell.py / scan_page.py. Their presence confirms:
  - AppShell / ScanController is the ACTUAL running UI path (not AppShell)
  - Scans complete normally (ScanState.COMPLETED is reached)
  - finish_scan() runs to completion for all 16 scans

ZERO lines matching any of the following appeared across all 16 scans:
  - "record_scan"
  - "scan_history"
  - "INSERT"
  - "PHASE3.0:INSERT"
  - "PHASE3.0:RECORD"
  - Any line from CEREBRO.cerebro.v2.core.scan_history_db

This constitutes conclusive negative evidence: HistoryRecorder.record_completed_scan()
either is not called, or fails silently before reaching ScanHistoryDB.record_scan().

=============================================================================
GUARD ORDER FINDING
=============================================================================

Question: Does the duplicate-start guard in start_search() fire BEFORE
the history INSERT, creating a scenario where a guard-blocked call skips
the INSERT?

Answer: The guard is structurally BEFORE the INSERT (correct order), but
this is irrelevant to the bug. The INSERT never fires even in the COMPLETION
path (when final_state == ScanState.COMPLETED and the guard is not involved).

Code path for a completed scan:
  ScanController.finish_scan(ScanState.COMPLETED)
    → if final_state == ScanState.COMPLETED:
        self._history.record_completed_scan(...)   ← calls HistoryRecorder
          → from cerebro.v2.ui.scan_history_dialog import record_scan
          → record_scan(...)                        ← never reaches this
            → ScanHistoryDB.record_scan()           ← INSERT never executes
          except (ImportError, OSError, ValueError) ← narrow catch

The guard in start_search() only prevents duplicate scan starts. It has no
bearing on the INSERT path in finish_scan(). Guard order is not the bug.

=============================================================================
CANONICAL CHOKEPOINT
=============================================================================

The break is in HistoryRecorder.record_completed_scan()
(cerebro/v2/ui/app_shell.py / scan_page.py).

Most likely cause: An exception from the call chain is swallowed silently.
The except clause catches only (ImportError, OSError, ValueError). Any
AttributeError or TypeError raised by:
  - self._window._folder_panel.get_scan_folders()  [in the folders= arg]
  - or a None attribute on self._window at finish_scan() time
would propagate uncaught through tkinter's after() scheduler and be lost.

Alternatively: the import of scan_history_dialog may fail with a different
exception type not covered by the narrow catch.

Fix target: cerebro/v2/ui/app_shell.py / scan_page.py
  HistoryRecorder.record_completed_scan()
    1. Broaden the exception catch to include (AttributeError, TypeError, Exception)
       or restructure to use a bare except with logging
    2. Add a logger.exception() call inside the handler to surface the root cause
    3. Verify scan_history_dialog.record_scan() is importable and functional
    4. After fix: confirm scan counter increments past 49 on next completed scan

=============================================================================
INSTRUMENTATION REGRESSION NOTE
=============================================================================

Three diagnostic commits were made attempting to surface PHASE3.0 markers:
  ec57aed  diag(phase3.0): add guard/INSERT order instrumentation
  62065a4  diag(phase3.0): bump instrumentation to INFO level
  07b4ec1  diag(phase3.0): re-instrument at correct entry points (AppShell)

Commit 07b4ec1 introduced a regression: after applying it, ALL log output
from CEREBRO.cerebro.v2.ui.scan_controller_helpers went silent. Last line
from that module before silence: 00:20:37. Post-commit scans show only
turbo_scanner lines.

Root cause of regression: the PHASE3.0:GUARD instrumentation in start_search()
evaluates `self._window._orchestrator.is_scanning()` inside a logger.info()
format call. If this raises during any initialization state, or if the import
of the module fails due to the added inline expressions, the module may fail
to load or produce no output.

All PHASE3.0 instrumentation reverted in commit following 07b4ec1.
The pre-instrumentation 16-scan negative evidence is sufficient to close
this investigation.

=============================================================================
INVESTIGATION DISPOSITION
=============================================================================

Phase 3.0 investigation: CLOSED
Approach: Natural-log negative evidence (16 scans, zero INSERT lines)
PHASE3.0 instrumentation approach: ABANDONED after regression in 07b4ec1
Next step: Phase 3 fix — add record_scan() call with proper exception handling
           in HistoryRecorder.record_completed_scan() or at the call site in
           ScanController.finish_scan()
